yarn run v1.9.4
$ node dist/index.js
[ 0.953,
  0.924,
  0.896,
  0.869,
  0.843,
  0.818,
  0.793,
  0.769,
  0.746,
  0.724,
  0.702,
  0.681,
  0.661,
  0.641,
  0.622,
  0.603 ]
{ type: 1,
  amount: 200,
  buyPrice: 0.702,
  buyDate: 2018-08-15T16:00:00.000Z,
  sellPrice: undefined,
  sellDate: Invalid Date }
0.724
0.681
Server running on port 8080
Process GET /getGridSellPrice...
Process GET /getNextGridPrice...
Process GET /getThisGrid...
Process GET /getLevelPrice...
Process GET /getGridSellPrice...
Process GET /getNextGridPrice...
Process GET /getThisGrid...
Process GET /getLevelPrice...
